TN:
SF:src\app.ts
FNF:0
FNH:0
DA:2,3
DA:3,3
DA:4,3
DA:6,3
DA:7,3
DA:9,3
DA:11,3
LF:7
LH:7
BRF:0
BRH:0
end_of_record
TN:
SF:src\__tests__\mocks\mockUser.ts
FNF:0
FNH:0
DA:3,2
DA:10,2
DA:17,2
LF:3
LH:3
BRF:0
BRH:0
end_of_record
TN:
SF:src\controllers\user.controller.ts
FN:8,(anonymous_0)
FN:19,(anonymous_1)
FN:37,(anonymous_2)
FN:66,(anonymous_3)
FN:92,(anonymous_4)
FNF:5
FNH:5
FNDA:2,(anonymous_0)
FNDA:3,(anonymous_1)
FNDA:4,(anonymous_2)
FNDA:3,(anonymous_3)
FNDA:3,(anonymous_4)
DA:2,5
DA:4,5
DA:5,5
DA:8,5
DA:9,2
DA:10,2
DA:12,1
DA:13,1
DA:19,5
DA:20,3
DA:21,3
DA:22,2
DA:24,2
DA:25,1
DA:28,1
DA:30,1
DA:31,1
DA:37,5
DA:38,4
DA:39,4
DA:42,4
DA:43,1
DA:46,3
DA:53,3
DA:54,2
DA:59,1
DA:60,1
DA:66,5
DA:67,3
DA:68,3
DA:69,3
DA:71,3
DA:73,2
DA:74,1
DA:77,1
DA:78,1
DA:80,1
DA:85,1
DA:86,1
DA:92,5
DA:93,3
DA:94,3
DA:95,3
DA:97,2
DA:98,1
DA:101,1
DA:102,1
DA:104,1
DA:105,1
LF:49
LH:49
BRDA:24,0,0,1
BRDA:42,1,0,1
BRDA:73,2,0,1
BRDA:77,3,0,1
BRDA:78,4,0,1
BRDA:97,5,0,1
BRF:6
BRH:6
end_of_record
TN:
SF:src\data\users.ts
FNF:0
FNH:0
DA:1,5
LF:1
LH:1
BRF:0
BRH:0
end_of_record
TN:
SF:src\helpers\helper.handleError.ts
FN:3,(anonymous_0)
FNF:1
FNH:0
FNDA:0,(anonymous_0)
DA:3,5
DA:4,0
LF:2
LH:1
BRDA:3,0,0,0
BRF:1
BRH:0
end_of_record
TN:
SF:src\helpers\helper.reusableFunctions.ts
FN:4,(anonymous_0)
FN:5,(anonymous_1)
FN:8,(anonymous_2)
FN:9,(anonymous_3)
FNF:4
FNH:4
FNDA:4,(anonymous_0)
FNDA:1,(anonymous_1)
FNDA:6,(anonymous_2)
FNDA:8,(anonymous_3)
DA:1,5
DA:4,5
DA:5,4
DA:8,5
DA:9,8
LF:5
LH:5
BRF:0
BRH:0
end_of_record
TN:
SF:src\middleware\validation.middleware.ts
FN:6,(anonymous_0)
FN:10,(anonymous_1)
FN:13,(anonymous_2)
FN:14,(anonymous_3)
FN:15,(anonymous_4)
FN:16,(anonymous_5)
FN:38,(anonymous_6)
FN:44,(anonymous_7)
FN:48,(anonymous_8)
FNF:9
FNH:8
FNDA:10,(anonymous_0)
FNDA:0,(anonymous_1)
FNDA:5,(anonymous_2)
FNDA:5,(anonymous_3)
FNDA:5,(anonymous_4)
FNDA:5,(anonymous_5)
FNDA:3,(anonymous_6)
FNDA:15,(anonymous_7)
FNDA:14,(anonymous_8)
DA:2,3
DA:5,3
DA:6,10
DA:9,3
DA:10,0
DA:13,5
DA:14,5
DA:15,5
DA:16,5
DA:19,3
DA:38,3
DA:44,3
DA:48,15
DA:49,14
DA:50,14
DA:52,14
DA:53,1
DA:59,13
DA:60,13
DA:62,0
DA:63,0
LF:21
LH:18
BRDA:38,0,0,3
BRDA:38,0,1,0
BRDA:52,1,0,1
BRF:3
BRH:2
end_of_record
TN:
SF:src\routes\user.route.ts
FNF:0
FNH:0
DA:3,3
DA:4,3
DA:11,3
DA:15,3
DA:18,3
DA:21,3
DA:28,3
DA:36,3
DA:44,3
DA:50,3
LF:10
LH:10
BRF:0
BRH:0
end_of_record
